[INFO ] 2019-01-07 07:10:45.074 [main] Log4jDemo - This is trace message
[INFO ] 2019-01-07 07:10:45.079 [main] Log4jDemo - This is information message
[ERROR] 2019-01-07 07:10:45.080 [main] Log4jDemo - This is error message
[WARN ] 2019-01-07 07:10:45.081 [main] Log4jDemo - This is a warning message
[FATAL] 2019-01-07 07:10:45.081 [main] Log4jDemo - This is a fatal message
[INFO ] 2019-01-07 07:11:16.703 [main] Log4jDemo - This is information message
[ERROR] 2019-01-07 07:11:16.707 [main] Log4jDemo - This is error message
[WARN ] 2019-01-07 07:11:16.708 [main] Log4jDemo - This is a warning message
[FATAL] 2019-01-07 07:11:16.714 [main] Log4jDemo - This is a fatal message
[TRACE] 2019-01-07 07:11:42.893 [main] Log4jDemo - This is trace message
[INFO ] 2019-01-07 07:11:42.900 [main] Log4jDemo - This is information message
[ERROR] 2019-01-07 07:11:42.900 [main] Log4jDemo - This is error message
[WARN ] 2019-01-07 07:11:42.900 [main] Log4jDemo - This is a warning message
[FATAL] 2019-01-07 07:11:42.900 [main] Log4jDemo - This is a fatal message
[TRACE] 2019-01-07 07:13:18.731 [main] Log4jDemo - This is trace message
[INFO ] 2019-01-07 07:13:18.736 [main] Log4jDemo - This is information message
[ERROR] 2019-01-07 07:13:18.736 [main] Log4jDemo - This is error message
[WARN ] 2019-01-07 07:13:18.736 [main] Log4jDemo - This is a warning message
[FATAL] 2019-01-07 07:13:18.737 [main] Log4jDemo - This is a fatal message
[TRACE] 2019-01-07 07:14:16.274 [main] Log4jDemo - This is trace message
[INFO ] 2019-01-07 07:14:16.278 [main] Log4jDemo - This is information message
[ERROR] 2019-01-07 07:14:16.278 [main] Log4jDemo - This is error message
[WARN ] 2019-01-07 07:14:16.278 [main] Log4jDemo - This is a warning message
[FATAL] 2019-01-07 07:14:16.279 [main] Log4jDemo - This is a fatal message
[TRACE] 2019-01-07 07:33:58.134 [main] Log4jDemo - This is trace message
[INFO ] 2019-01-07 07:33:58.141 [main] Log4jDemo - This is information message
[ERROR] 2019-01-07 07:33:58.142 [main] Log4jDemo - This is error message
[WARN ] 2019-01-07 07:33:58.145 [main] Log4jDemo - This is a warning message
[FATAL] 2019-01-07 07:33:58.147 [main] Log4jDemo - This is a fatal message
